2023-01-10 10:38:18:3818 info: [object Object],[object Object]
2023-01-10 10:38:51:3851 info: This is the array we got from appending
2023-01-10 10:39:57:3957 info: [object Object],[object Object]
2023-01-10 10:41:56:4156 info: [object Object],[object Object]
2023-01-10 10:46:22:4622 info: [object Object],[object Object]
2023-01-10 10:53:29:5329 info: [object Object],[object Object]
2023-01-10 10:53:29:5329 info: pavan Kumar
2023-01-10 10:53:29:5329 info: Sai
2023-01-10 10:54:26:5426 info: [object Object],[object Object]
2023-01-10 10:54:26:5426 info: pavan Kumar
2023-01-10 10:54:26:5426 info: Sai
2023-01-10 10:54:26:5426 info: ,
2023-01-10 10:54:47:5447 info: [object Object],[object Object]
2023-01-10 10:54:47:5447 info: pavan Kumar
2023-01-10 10:54:47:5447 info: Sai
2023-01-10 10:55:44:5544 info: [object Object],[object Object]
2023-01-10 10:55:44:5544 info: pavan Kumar
2023-01-10 10:55:44:5544 info: Sai
2023-01-10 10:55:44:5544 info: pavan Kumar,Sai
2023-01-10 11:25:32:2532 info: [object Object],[object Object]
2023-01-10 11:25:32:2532 info: pavan Kumar
2023-01-10 11:25:32:2532 info: Sai
2023-01-10 11:25:32:2532 info: pavan Kumar,Sai
2023-01-10 11:25:32:2532 info: [object Object],[object Object]
2023-01-10 11:26:35:2635 info: [object Object],[object Object]
2023-01-10 11:26:35:2635 info: pavan Kumar
2023-01-10 11:26:35:2635 info: Sai
2023-01-10 11:26:35:2635 info: pavan Kumar,Sai
2023-01-10 11:27:06:276 info: [object Object],[object Object]
2023-01-10 11:27:06:276 info: pavan Kumar
2023-01-10 11:27:06:276 info: Sai
2023-01-10 11:27:06:276 info: pavan Kumar,Sai
2023-01-10 13:08:19:819 info: [object Object],[object Object]
2023-01-10 13:08:19:819 info: pavan Kumar
2023-01-10 13:08:19:819 info: Sai
2023-01-10 13:08:19:819 info: pavan Kumar,Sai
2023-01-10 13:08:19:819 info: [object Object],[object Object]
2023-01-10 13:08:34:834 info: [object Object],[object Object]
2023-01-10 13:08:34:834 info: pavan Kumar
2023-01-10 13:08:34:834 info: Sai
2023-01-10 13:08:34:834 info: pavan Kumar,Sai
2023-01-10 13:10:15:1015 info: [object Object],[object Object]
2023-01-10 13:10:15:1015 info: pavan Kumar
2023-01-10 13:10:15:1015 info: Sai
2023-01-10 13:10:15:1015 info: pavan Kumar,Sai
2023-01-10 13:10:54:1054 info: [object Object],[object Object]
2023-01-10 13:10:54:1054 info: pavan Kumar
2023-01-10 13:10:54:1054 info: Sai
2023-01-10 13:10:54:1054 info: pavan Kumar,Sai
2023-01-10 13:11:11:1111 info: [object Object],[object Object]
2023-01-10 13:11:11:1111 info: pavan Kumar
2023-01-10 13:11:11:1111 info: Sai
2023-01-10 13:11:11:1111 info: pavan Kumar,Sai
2023-01-10 13:11:33:1133 info: [object Object],[object Object]
2023-01-10 13:11:33:1133 info: pavan Kumar
2023-01-10 13:11:33:1133 info: Sai
2023-01-10 13:11:33:1133 info: pavan Kumar,Sai
2023-01-10 13:11:53:1153 info: [object Object],[object Object]
2023-01-10 13:11:53:1153 info: pavan Kumar
2023-01-10 13:11:53:1153 info: Sai
2023-01-10 13:11:53:1153 info: pavan Kumar,Sai
2023-01-10 13:14:15:1415 info: [object Object],[object Object]
2023-01-10 13:14:15:1415 info: pavan Kumar
2023-01-10 13:14:15:1415 info: Sai
2023-01-10 13:14:15:1415 info: pavan Kumar,Sai
2023-01-10 13:15:08:158 info: [object Object],[object Object]
2023-01-10 13:15:08:158 info: pavan Kumar
2023-01-10 13:15:08:158 info: Sai
2023-01-10 13:15:08:158 info: pavan Kumar,Sai
2023-01-10 14:18:29:1829 info: [object Object],[object Object]
2023-01-10 14:18:29:1829 info: pavan Kumar
2023-01-10 14:18:29:1829 info: Sai
2023-01-10 14:18:29:1829 info: pavan Kumar,Sai
2023-01-10 14:19:13:1913 info: [object Object],[object Object]
2023-01-10 14:19:13:1913 info: pavan Kumar
2023-01-10 14:19:13:1913 info: Sai
2023-01-10 14:19:13:1913 info: pavan Kumar,Sai
2023-01-10 14:19:13:1913 info: 
2023-01-10 14:19:37:1937 info: [object Object],[object Object]
2023-01-10 14:19:37:1937 info: pavan Kumar
2023-01-10 14:19:37:1937 info: Sai
2023-01-10 14:19:37:1937 info: pavan Kumar,Sai
2023-01-10 14:19:37:1937 info: 
2023-01-10 14:20:18:2018 info: [object Object],[object Object]
2023-01-10 14:20:19:2019 info: pavan Kumar
2023-01-10 14:20:19:2019 info: Sai
2023-01-10 14:20:19:2019 info: pavan Kumar,Sai
2023-01-10 14:20:19:2019 info: 
2023-01-10 14:20:45:2045 info: [object Object],[object Object]
2023-01-10 14:20:45:2045 info: pavan Kumar
2023-01-10 14:20:45:2045 info: Sai
2023-01-10 14:20:45:2045 info: pavan Kumar,Sai
2023-01-10 14:20:45:2045 info: 
2023-01-10 14:21:01:211 info: [object Object],[object Object]
2023-01-10 14:21:01:211 info: pavan Kumar
2023-01-10 14:21:01:211 info: Sai
2023-01-10 14:21:01:211 info: pavan Kumar,Sai
2023-01-10 14:21:01:211 info: 
2023-01-10 14:23:13:2313 info: [object Object],[object Object]
2023-01-10 14:23:13:2313 info: pavan Kumar
2023-01-10 14:23:13:2313 info: Sai
2023-01-10 14:23:13:2313 info: pavan Kumar,Sai
2023-01-10 14:23:13:2313 info: 
2023-01-10 14:33:59:3359 info: [object Object],[object Object]
2023-01-10 14:33:59:3359 info: pavan Kumar
2023-01-10 14:33:59:3359 info: Sai
2023-01-10 14:33:59:3359 info: pavan Kumar,Sai
2023-01-10 14:33:59:3359 info: 
2023-01-10 14:33:59:3359 info: 
2023-01-10 14:45:33:4533 info: [object Object],[object Object]
2023-01-10 14:45:33:4533 info: pavan Kumar
2023-01-10 14:45:33:4533 info: Sai
2023-01-10 14:45:33:4533 info: pavan Kumar,Sai
2023-01-10 14:45:33:4533 info: 
2023-01-10 14:45:33:4533 info: 
2023-01-10 14:53:55:5355 info: [object Object],[object Object]
2023-01-10 14:53:55:5355 info: pavan Kumar
2023-01-10 14:53:55:5355 info: Sai
2023-01-10 14:53:55:5355 info: pavan Kumar,Sai
2023-01-10 14:53:55:5355 info: 
2023-01-10 14:53:55:5355 info: 
2023-01-10 14:54:14:5414 info: [object Object],[object Object]
2023-01-10 14:54:14:5414 info: pavan Kumar
2023-01-10 14:54:14:5414 info: Sai
2023-01-10 14:54:14:5414 info: pavan Kumar,Sai
2023-01-10 14:54:14:5414 info: 
2023-01-10 14:54:14:5414 info: 
2023-01-10 15:13:46:1346 info: [object Object],[object Object]
2023-01-10 15:13:46:1346 info: pavan Kumar
2023-01-10 15:13:46:1346 info: Sai
2023-01-10 15:13:46:1346 info: pavan Kumar,Sai
2023-01-10 15:13:46:1346 info: 
2023-01-10 15:13:46:1346 info: 
2023-01-10 15:15:11:1511 info: [object Object],[object Object]
2023-01-10 15:15:11:1511 info: pavan Kumar
2023-01-10 15:15:11:1511 info: Sai
2023-01-10 15:15:11:1511 info: pavan Kumar,Sai
2023-01-10 15:15:11:1511 info: 
2023-01-10 15:15:11:1511 info: 
2023-01-10 15:15:44:1544 info: [object Object],[object Object]
2023-01-10 15:15:44:1544 info: pavan Kumar
2023-01-10 15:15:44:1544 info: Sai
2023-01-10 15:15:44:1544 info: pavan Kumar,Sai
2023-01-10 15:15:44:1544 info: 
2023-01-10 15:15:44:1544 info: 
2023-01-10 15:17:52:1752 info: [object Object],[object Object]
2023-01-10 15:17:52:1752 info: pavan Kumar
2023-01-10 15:17:52:1752 info: Sai
2023-01-10 15:17:52:1752 info: pavan Kumar,Sai
2023-01-10 15:17:52:1752 info: 
2023-01-10 15:17:52:1752 info: 
2023-01-10 15:19:30:1930 info: [object Object],[object Object]
2023-01-10 15:19:30:1930 info: pavan Kumar
2023-01-10 15:19:30:1930 info: Sai
2023-01-10 15:19:30:1930 info: pavan Kumar,Sai
2023-01-10 15:19:30:1930 info: 
2023-01-10 15:19:30:1930 info: 
2023-01-10 15:26:17:2617 info: [object Object],[object Object]
2023-01-10 15:26:17:2617 info: pavan Kumar
2023-01-10 15:26:17:2617 info: Sai
2023-01-10 15:26:17:2617 info: pavan Kumar,Sai
2023-01-10 15:26:17:2617 info: 
2023-01-10 15:26:17:2617 info: 
2023-01-10 15:27:06:276 info: [object Object],[object Object]
2023-01-10 15:27:06:276 info: pavan Kumar
2023-01-10 15:27:06:276 info: Sai
2023-01-10 15:27:06:276 info: pavan Kumar,Sai
2023-01-10 15:27:06:276 info: 
2023-01-10 15:27:06:276 info: 
